<?xml version="1.0" encoding="UTF-8"?>
<!-- Generated by org.testng.reporters.JUnitXMLReporter -->
<testsuite ignored="0" hostname="LAPTOP-3F2IV7FC" failures="0" tests="4" name="Add Edit and Delete CustomField" time="5.511" errors="0" timestamp="17 Oct 2021 21:07:39 GMT">
  <testcase classname="testcases.CustomField" name="validateUserlandOnAccurateSection" time="1.383"/>
  <testcase classname="testcases.CustomField" name="VerifyAddCustomFieldSuccessfully" time="1.263"/>
  <testcase classname="testcases.CustomField" name="VerifyEditCustomFieldsuccessfully" time="1.69"/>
  <testcase classname="testcases.CustomField" name="DeleteCustomFieldSuccessfully" time="1.166"/>
</testsuite> <!-- Add Edit and Delete CustomField -->
