<?xml version="1.0" encoding="UTF-8"?>
<!-- Generated by org.testng.reporters.JUnitXMLReporter -->
<testsuite ignored="0" hostname="LAPTOP-3F2IV7FC" failures="0" tests="3" name="Add and Delete Reporting" time="3.474" errors="0" timestamp="17 Oct 2021 21:07:46 GMT">
  <testcase classname="testcases.ReportingMethod" name="ValidateUserLandOnAReportingMethods" time="1.156"/>
  <testcase classname="testcases.ReportingMethod" name="VerifyAddReportingMethod" time="1.278"/>
  <testcase classname="testcases.ReportingMethod" name="VerifyReportingMethodDeleteSuccessfully" time="1.034"/>
</testsuite> <!-- Add and Delete Reporting -->
