<?xml version="1.0" encoding="UTF-8"?>
<!-- Generated by org.testng.reporters.JUnitXMLReporter -->
<testsuite ignored="0" hostname="LAPTOP-3F2IV7FC" failures="0" tests="6" name="Add Employee through Excel Sheet" time="12.769" errors="0" timestamp="17 Oct 2021 21:07:59 GMT">
  <testcase classname="testcases.AddEmployee" name="VerifyUserOnAddEmployeeSection" time="0.946"/>
  <testcase classname="testcases.AddEmployee" name="VerifyAddEmployee" time="2.642"/>
  <testcase classname="testcases.AddEmployee" name="VerifyAddEmployee" time="2.338"/>
  <testcase classname="testcases.AddEmployee" name="VerifyAddEmployee" time="2.272"/>
  <testcase classname="testcases.AddEmployee" name="VerifyAddEmployee" time="2.242"/>
  <testcase classname="testcases.AddEmployee" name="VerifyAddEmployee" time="2.272"/>
</testsuite> <!-- Add Employee through Excel Sheet -->
