<?xml version="1.0" encoding="UTF-8"?>
<!-- Generated by org.testng.reporters.JUnitXMLReporter -->
<testsuite ignored="0" hostname="LAPTOP-3F2IV7FC" failures="0" tests="3" name="Add and Delete Post from Buzz section" time="10.424" errors="0" timestamp="17 Oct 2021 21:08:56 GMT">
  <testcase classname="testcases.Buzz" name="VerifyUserAddPostSuccessfully" time="8.287"/>
  <testcase classname="testcases.Buzz" name="VerifyImagePostSuccessfully" time="0.689"/>
  <testcase classname="testcases.Buzz" name="VerifyPostDeletedSuccessfully" time="1.439"/>
</testsuite> <!-- Add and Delete Post from Buzz section -->
