<?xml version="1.0" encoding="UTF-8"?>
<!-- Generated by org.testng.reporters.JUnitXMLReporter -->
<testsuite ignored="0" hostname="LAPTOP-3F2IV7FC" failures="0" tests="2" name="Delete Employee which are added through excel sheet" time="12.023" errors="0" timestamp="17 Oct 2021 21:08:11 GMT">
  <testcase classname="testcases.DeleteEmployee" name="DeleteEmployeeSelectedRecord" time="11.226"/>
  <testcase classname="testcases.DeleteEmployee" name="VerifyDeletedRecordNotFoundInList" time="0.794"/>
</testsuite> <!-- Delete Employee which are added through excel sheet -->
