<?xml version="1.0" encoding="UTF-8"?>
<!-- Generated by org.testng.reporters.JUnitXMLReporter -->
<testsuite ignored="0" hostname="LAPTOP-3F2IV7FC" failures="0" tests="3" name="Login" time="4.092" errors="0" timestamp="17 Oct 2021 21:07:03 GMT">
  <testcase classname="testcases.Login" name="InvalidLogin" time="1.528"/>
  <testcase classname="testcases.Login" name="EmptyLogin" time="0.419"/>
  <testcase classname="testcases.Login" name="loginSuccessfully" time="2.093"/>
</testsuite> <!-- Login -->
