<?xml version="1.0" encoding="UTF-8"?>
<!-- Generated by org.testng.reporters.JUnitXMLReporter -->
<testsuite ignored="0" hostname="LAPTOP-3F2IV7FC" failures="0" tests="4" name="Verify File upload and Download" time="3.047" errors="0" timestamp="17 Oct 2021 21:07:43 GMT">
  <testcase classname="testcases.DataImport" name="ValidateUserLandOnCorrectPage" time="1.003"/>
  <testcase classname="testcases.DataImport" name="VerifyFileSuccessfullyDownloaded" time="0.129"/>
  <testcase classname="testcases.DataImport" name="ValidateFileuploadSuccessfully" time="1.237"/>
  <testcase classname="testcases.DataImport" name="ValidationErrorShowOnEmptyFile" time="0.667"/>
</testsuite> <!-- Verify File upload and Download -->
